<?xml version="1.0" encoding="UTF-8"?>
<testsuite xmlns:xsi="http://www.w3.org/2001/XMLSchema-instance" xsi:noNamespaceSchemaLocation="https://maven.apache.org/surefire/maven-surefire-plugin/xsd/surefire-test-report-3.0.xsd" version="3.0" name="ccom.company.profile.graphql.eda.bdd.RunCucumberTest" time="3.073" tests="2" errors="0" skipped="0" failures="0">
  <properties>
[...]
</properties>
  <testcase name="Create order publishes an event" classname="Order events" time="2.263">
    <system-out><![CDATA[
Scenario: Create order publishes an event                 &amp#27;[90m# features/order_events.feature:2&amp#27;[0m
  &amp#27;[32mGiven &amp#27;[0m&amp#27;[32man order &amp#27;[0m&amp#27;[32m&amp#27;[1m"O-100"&amp#27;[0m&amp#27;[32m for customer &amp#27;[0m&amp#27;[32m&amp#27;[1m"C-42"&amp#27;[0m&amp#27;[32m amount &amp#27;[0m&amp#27;[32m&amp#27;[1m19.99&amp#27;[0m &amp#27;[90m# ccom.company.profile.graphql.eda.bdd.OrderEventSteps.an_order_for_customer_amount(java.lang.String,java.lang.String,double)&amp#27;[0m
  &amp#27;[32mWhen &amp#27;[0m&amp#27;[32mthe order is submitted&amp#27;[0m                             &amp#27;[90m# ccom.company.profile.graphql.eda.bdd.OrderEventSteps.the_order_is_submitted()&amp#27;[0m
  &amp#27;[32mThen &amp#27;[0m&amp#27;[32mthe order status is &amp#27;[0m&amp#27;[32m&amp#27;[1m"CREATED"&amp#27;[0m                      &amp#27;[90m# ccom.company.profile.graphql.eda.bdd.OrderEventSteps.the_order_status_is(java.lang.String)&amp#27;[0m
]]></system-out>
  </testcase>
  <testcase name="Create order publishes an event" classname="Order events" time="3.056">
    <system-out><![CDATA[
Scenario: Create order publishes an event                 &amp#27;[90m# features/order_events.feature:2&amp#27;[0m
  &amp#27;[32mGiven &amp#27;[0m&amp#27;[32man order &amp#27;[0m&amp#27;[32m&amp#27;[1m"O-100"&amp#27;[0m&amp#27;[32m for customer &amp#27;[0m&amp#27;[32m&amp#27;[1m"C-42"&amp#27;[0m&amp#27;[32m amount &amp#27;[0m&amp#27;[32m&amp#27;[1m19.99&amp#27;[0m &amp#27;[90m# ccom.company.profile.graphql.eda.bdd.OrderEventSteps.an_order_for_customer_amount(java.lang.String,java.lang.String,double)&amp#27;[0m
  &amp#27;[32mWhen &amp#27;[0m&amp#27;[32mthe order is submitted&amp#27;[0m                             &amp#27;[90m# ccom.company.profile.graphql.eda.bdd.OrderEventSteps.the_order_is_submitted()&amp#27;[0m
  &amp#27;[32mThen &amp#27;[0m&amp#27;[32mthe order status is &amp#27;[0m&amp#27;[32m&amp#27;[1m"CREATED"&amp#27;[0m                      &amp#27;[90m# ccom.company.profile.graphql.eda.bdd.OrderEventSteps.the_order_status_is(java.lang.String)&amp#27;[0m
]]></system-out>
  </testcase>
</testsuite>